Build started 17-01-2016 14:55:58.
     1>Project "F:\Computer Graphics\Final Project\Graphics Editor\Graphics Editor.vcxproj" on node 2 (Build target(s)).
     1>ClCompile:
         C:\Program Files (x86)\Microsoft Visual Studio 12.0\VC\bin\CL.exe /c /Zi /nologo /W3 /WX- /Od /Oy- /D WIN32 /D _DEBUG /D _WINDOWS /Gm /EHsc /RTC1 /MDd /GS /fp:precise /Zc:wchar_t /Zc:forScope /Fo"Debug\\" /Fd"Debug\vc120.pdb" /Gd /TP /analyze- /errorReport:prompt "graphics editor\Mainsrc.cpp"
         Mainsrc.cpp
     1>graphics editor\Mainsrc.cpp(73): warning C4244: 'argument' : conversion from 'int' to 'GLfloat', possible loss of data
     1>graphics editor\Mainsrc.cpp(74): warning C4244: 'argument' : conversion from 'int' to 'GLfloat', possible loss of data
     1>graphics editor\Mainsrc.cpp(75): warning C4244: 'argument' : conversion from 'int' to 'GLfloat', possible loss of data
     1>graphics editor\Mainsrc.cpp(76): warning C4244: 'argument' : conversion from 'int' to 'GLfloat', possible loss of data
     1>graphics editor\Mainsrc.cpp(131): warning C4065: switch statement contains 'default' but no 'case' labels
     1>graphics editor\Mainsrc.cpp(136): warning C4244: 'argument' : conversion from 'int' to 'GLfloat', possible loss of data
     1>graphics editor\Mainsrc.cpp(152): warning C4244: 'argument' : conversion from 'int' to 'GLfloat', possible loss of data
     1>graphics editor\Mainsrc.cpp(153): warning C4244: 'argument' : conversion from 'int' to 'GLfloat', possible loss of data
     1>graphics editor\Mainsrc.cpp(154): warning C4244: 'argument' : conversion from 'int' to 'GLfloat', possible loss of data
     1>graphics editor\Mainsrc.cpp(155): warning C4244: 'argument' : conversion from 'int' to 'GLfloat', possible loss of data
     1>graphics editor\Mainsrc.cpp(156): warning C4244: 'argument' : conversion from 'int' to 'GLfloat', possible loss of data
     1>graphics editor\Mainsrc.cpp(157): warning C4244: 'argument' : conversion from 'int' to 'GLfloat', possible loss of data
     1>graphics editor\Mainsrc.cpp(158): warning C4244: 'argument' : conversion from 'int' to 'GLfloat', possible loss of data
     1>graphics editor\Mainsrc.cpp(159): warning C4244: 'argument' : conversion from 'int' to 'GLfloat', possible loss of data
     1>graphics editor\Mainsrc.cpp(164): warning C4244: 'argument' : conversion from 'int' to 'GLfloat', possible loss of data
     1>graphics editor\Mainsrc.cpp(171): warning C4244: 'argument' : conversion from 'float' to 'int', possible loss of data
     1>graphics editor\Mainsrc.cpp(174): warning C4244: 'argument' : conversion from 'float' to 'int', possible loss of data
     1>graphics editor\Mainsrc.cpp(186): warning C4244: 'argument' : conversion from 'float' to 'int', possible loss of data
     1>graphics editor\Mainsrc.cpp(189): warning C4244: 'argument' : conversion from 'float' to 'int', possible loss of data
     1>graphics editor\Mainsrc.cpp(194): warning C4244: 'argument' : conversion from 'int' to 'GLfloat', possible loss of data
     1>graphics editor\Mainsrc.cpp(227): warning C4244: 'argument' : conversion from 'int' to 'float', possible loss of data
     1>graphics editor\Mainsrc.cpp(229): warning C4244: '=' : conversion from 'double' to 'int', possible loss of data
     1>graphics editor\Mainsrc.cpp(240): warning C4244: 'argument' : conversion from 'int' to 'float', possible loss of data
     1>graphics editor\Mainsrc.cpp(243): warning C4244: '=' : conversion from 'double' to 'int', possible loss of data
     1>graphics editor\Mainsrc.cpp(255): warning C4244: 'argument' : conversion from 'int' to 'float', possible loss of data
     1>graphics editor\Mainsrc.cpp(263): warning C4244: 'argument' : conversion from 'int' to 'GLfloat', possible loss of data
     1>graphics editor\Mainsrc.cpp(264): warning C4244: 'argument' : conversion from 'int' to 'GLfloat', possible loss of data
     1>graphics editor\Mainsrc.cpp(269): warning C4244: 'argument' : conversion from 'int' to 'GLfloat', possible loss of data
     1>graphics editor\Mainsrc.cpp(270): warning C4244: 'argument' : conversion from 'int' to 'GLfloat', possible loss of data
     1>graphics editor\Mainsrc.cpp(271): warning C4244: 'argument' : conversion from 'int' to 'GLfloat', possible loss of data
     1>graphics editor\Mainsrc.cpp(272): warning C4244: 'argument' : conversion from 'int' to 'GLfloat', possible loss of data
     1>graphics editor\Mainsrc.cpp(276): warning C4244: 'argument' : conversion from 'int' to 'float', possible loss of data
     1>graphics editor\Mainsrc.cpp(280): warning C4244: 'argument' : conversion from 'int' to 'GLfloat', possible loss of data
     1>graphics editor\Mainsrc.cpp(281): warning C4244: 'argument' : conversion from 'int' to 'GLfloat', possible loss of data
     1>graphics editor\Mainsrc.cpp(282): warning C4244: 'argument' : conversion from 'int' to 'GLfloat', possible loss of data
     1>graphics editor\Mainsrc.cpp(287): warning C4244: 'argument' : conversion from 'int' to 'GLfloat', possible loss of data
     1>graphics editor\Mainsrc.cpp(288): warning C4244: 'argument' : conversion from 'int' to 'GLfloat', possible loss of data
     1>graphics editor\Mainsrc.cpp(289): warning C4244: 'argument' : conversion from 'int' to 'GLfloat', possible loss of data
     1>graphics editor\Mainsrc.cpp(290): warning C4244: 'argument' : conversion from 'int' to 'GLfloat', possible loss of data
     1>graphics editor\Mainsrc.cpp(291): warning C4244: 'argument' : conversion from 'int' to 'GLfloat', possible loss of data
     1>graphics editor\Mainsrc.cpp(297): warning C4244: 'argument' : conversion from 'int' to 'GLfloat', possible loss of data
     1>graphics editor\Mainsrc.cpp(298): warning C4244: 'argument' : conversion from 'int' to 'GLfloat', possible loss of data
     1>graphics editor\Mainsrc.cpp(299): warning C4244: 'argument' : conversion from 'int' to 'GLfloat', possible loss of data
     1>graphics editor\Mainsrc.cpp(300): warning C4244: 'argument' : conversion from 'int' to 'GLfloat', possible loss of data
     1>graphics editor\Mainsrc.cpp(306): warning C4244: 'argument' : conversion from 'int' to 'GLfloat', possible loss of data
     1>graphics editor\Mainsrc.cpp(307): warning C4244: 'argument' : conversion from 'int' to 'GLfloat', possible loss of data
     1>graphics editor\Mainsrc.cpp(308): warning C4244: 'argument' : conversion from 'int' to 'GLfloat', possible loss of data
     1>graphics editor\Mainsrc.cpp(309): warning C4244: 'argument' : conversion from 'int' to 'GLfloat', possible loss of data
     1>graphics editor\Mainsrc.cpp(312): warning C4244: 'argument' : conversion from 'int' to 'GLfloat', possible loss of data
     1>graphics editor\Mainsrc.cpp(313): warning C4244: 'argument' : conversion from 'int' to 'GLfloat', possible loss of data
     1>graphics editor\Mainsrc.cpp(314): warning C4244: 'argument' : conversion from 'int' to 'GLfloat', possible loss of data
     1>graphics editor\Mainsrc.cpp(315): warning C4244: 'argument' : conversion from 'int' to 'GLfloat', possible loss of data
     1>graphics editor\Mainsrc.cpp(318): warning C4244: 'argument' : conversion from 'int' to 'GLfloat', possible loss of data
     1>graphics editor\Mainsrc.cpp(319): warning C4244: 'argument' : conversion from 'int' to 'GLfloat', possible loss of data
     1>graphics editor\Mainsrc.cpp(320): warning C4244: 'argument' : conversion from 'int' to 'GLfloat', possible loss of data
     1>graphics editor\Mainsrc.cpp(321): warning C4244: 'argument' : conversion from 'int' to 'GLfloat', possible loss of data
     1>graphics editor\Mainsrc.cpp(324): warning C4244: 'argument' : conversion from 'int' to 'GLfloat', possible loss of data
     1>graphics editor\Mainsrc.cpp(325): warning C4244: 'argument' : conversion from 'int' to 'GLfloat', possible loss of data
     1>graphics editor\Mainsrc.cpp(326): warning C4244: 'argument' : conversion from 'int' to 'GLfloat', possible loss of data
     1>graphics editor\Mainsrc.cpp(327): warning C4244: 'argument' : conversion from 'int' to 'GLfloat', possible loss of data
     1>graphics editor\Mainsrc.cpp(333): warning C4244: 'argument' : conversion from 'int' to 'GLfloat', possible loss of data
     1>graphics editor\Mainsrc.cpp(334): warning C4244: 'argument' : conversion from 'int' to 'GLfloat', possible loss of data
     1>graphics editor\Mainsrc.cpp(335): warning C4244: 'argument' : conversion from 'int' to 'GLfloat', possible loss of data
     1>graphics editor\Mainsrc.cpp(336): warning C4244: 'argument' : conversion from 'int' to 'GLfloat', possible loss of data
     1>graphics editor\Mainsrc.cpp(340): warning C4244: 'argument' : conversion from 'int' to 'GLfloat', possible loss of data
     1>graphics editor\Mainsrc.cpp(341): warning C4244: 'argument' : conversion from 'int' to 'GLfloat', possible loss of data
     1>graphics editor\Mainsrc.cpp(342): warning C4244: 'argument' : conversion from 'int' to 'GLfloat', possible loss of data
     1>graphics editor\Mainsrc.cpp(346): warning C4244: 'argument' : conversion from 'int' to 'float', possible loss of data
     1>graphics editor\Mainsrc.cpp(362): warning C4244: 'argument' : conversion from 'int' to 'GLfloat', possible loss of data
     1>graphics editor\Mainsrc.cpp(363): warning C4244: 'argument' : conversion from 'int' to 'GLfloat', possible loss of data
     1>graphics editor\Mainsrc.cpp(364): warning C4244: 'argument' : conversion from 'int' to 'GLfloat', possible loss of data
     1>graphics editor\Mainsrc.cpp(365): warning C4244: 'argument' : conversion from 'int' to 'GLfloat', possible loss of data
     1>graphics editor\Mainsrc.cpp(371): warning C4244: 'argument' : conversion from 'int' to 'GLfloat', possible loss of data
     1>graphics editor\Mainsrc.cpp(372): warning C4244: 'argument' : conversion from 'int' to 'GLfloat', possible loss of data
     1>graphics editor\Mainsrc.cpp(373): warning C4244: 'argument' : conversion from 'int' to 'GLfloat', possible loss of data
     1>graphics editor\Mainsrc.cpp(374): warning C4244: 'argument' : conversion from 'int' to 'GLfloat', possible loss of data
     1>graphics editor\Mainsrc.cpp(380): warning C4244: 'argument' : conversion from 'int' to 'GLfloat', possible loss of data
     1>graphics editor\Mainsrc.cpp(381): warning C4244: 'argument' : conversion from 'int' to 'GLfloat', possible loss of data
     1>graphics editor\Mainsrc.cpp(382): warning C4244: 'argument' : conversion from 'int' to 'GLfloat', possible loss of data
     1>graphics editor\Mainsrc.cpp(383): warning C4244: 'argument' : conversion from 'int' to 'GLfloat', possible loss of data
     1>graphics editor\Mainsrc.cpp(389): warning C4244: 'argument' : conversion from 'int' to 'GLfloat', possible loss of data
     1>graphics editor\Mainsrc.cpp(390): warning C4244: 'argument' : conversion from 'int' to 'GLfloat', possible loss of data
     1>graphics editor\Mainsrc.cpp(391): warning C4244: 'argument' : conversion from 'int' to 'GLfloat', possible loss of data
     1>graphics editor\Mainsrc.cpp(392): warning C4244: 'argument' : conversion from 'int' to 'GLfloat', possible loss of data
     1>graphics editor\Mainsrc.cpp(418): warning C4244: 'argument' : conversion from 'int' to 'GLfloat', possible loss of data
     1>graphics editor\Mainsrc.cpp(419): warning C4244: 'argument' : conversion from 'int' to 'GLfloat', possible loss of data
     1>graphics editor\Mainsrc.cpp(420): warning C4244: 'argument' : conversion from 'int' to 'GLfloat', possible loss of data
     1>graphics editor\Mainsrc.cpp(421): warning C4244: 'argument' : conversion from 'int' to 'GLfloat', possible loss of data
     1>graphics editor\Mainsrc.cpp(427): warning C4305: 'argument' : truncation from 'double' to 'GLfloat'
     1>graphics editor\Mainsrc.cpp(430): warning C4244: 'argument' : conversion from 'int' to 'GLfloat', possible loss of data
     1>graphics editor\Mainsrc.cpp(431): warning C4244: 'argument' : conversion from 'int' to 'GLfloat', possible loss of data
     1>graphics editor\Mainsrc.cpp(432): warning C4244: 'argument' : conversion from 'int' to 'GLfloat', possible loss of data
     1>graphics editor\Mainsrc.cpp(433): warning C4244: 'argument' : conversion from 'int' to 'GLfloat', possible loss of data
     1>graphics editor\Mainsrc.cpp(445): warning C4244: 'argument' : conversion from 'int' to 'GLfloat', possible loss of data
     1>graphics editor\Mainsrc.cpp(446): warning C4244: 'argument' : conversion from 'int' to 'GLfloat', possible loss of data
     1>graphics editor\Mainsrc.cpp(447): warning C4244: 'argument' : conversion from 'int' to 'GLfloat', possible loss of data
     1>graphics editor\Mainsrc.cpp(448): warning C4244: 'argument' : conversion from 'int' to 'GLfloat', possible loss of data
     1>graphics editor\Mainsrc.cpp(481): warning C4244: 'argument' : conversion from 'int' to 'GLfloat', possible loss of data
     1>graphics editor\Mainsrc.cpp(482): warning C4244: 'argument' : conversion from 'int' to 'GLfloat', possible loss of data
     1>graphics editor\Mainsrc.cpp(483): warning C4244: 'argument' : conversion from 'int' to 'GLfloat', possible loss of data
     1>graphics editor\Mainsrc.cpp(484): warning C4244: 'argument' : conversion from 'int' to 'GLfloat', possible loss of data
     1>graphics editor\Mainsrc.cpp(519): warning C4244: 'argument' : conversion from 'int' to 'GLfloat', possible loss of data
     1>graphics editor\Mainsrc.cpp(520): warning C4244: 'argument' : conversion from 'int' to 'GLfloat', possible loss of data
     1>graphics editor\Mainsrc.cpp(521): warning C4244: 'argument' : conversion from 'int' to 'GLfloat', possible loss of data
     1>graphics editor\Mainsrc.cpp(522): warning C4244: 'argument' : conversion from 'int' to 'GLfloat', possible loss of data
     1>graphics editor\Mainsrc.cpp(558): warning C4244: 'argument' : conversion from 'int' to 'GLfloat', possible loss of data
     1>graphics editor\Mainsrc.cpp(559): warning C4244: 'argument' : conversion from 'int' to 'GLfloat', possible loss of data
     1>graphics editor\Mainsrc.cpp(560): warning C4244: 'argument' : conversion from 'int' to 'GLfloat', possible loss of data
     1>graphics editor\Mainsrc.cpp(561): warning C4244: 'argument' : conversion from 'int' to 'GLfloat', possible loss of data
     1>graphics editor\Mainsrc.cpp(585): warning C4244: 'argument' : conversion from 'int' to 'GLfloat', possible loss of data
     1>graphics editor\Mainsrc.cpp(586): warning C4244: 'argument' : conversion from 'int' to 'GLfloat', possible loss of data
     1>graphics editor\Mainsrc.cpp(587): warning C4244: 'argument' : conversion from 'int' to 'GLfloat', possible loss of data
     1>graphics editor\Mainsrc.cpp(588): warning C4244: 'argument' : conversion from 'int' to 'GLfloat', possible loss of data
     1>graphics editor\Mainsrc.cpp(631): warning C4244: '=' : conversion from 'float' to 'int', possible loss of data
     1>graphics editor\Mainsrc.cpp(632): warning C4244: '=' : conversion from 'float' to 'int', possible loss of data
     1>graphics editor\Mainsrc.cpp(633): warning C4244: '=' : conversion from 'float' to 'int', possible loss of data
     1>graphics editor\Mainsrc.cpp(634): warning C4244: 'argument' : conversion from 'int' to 'GLfloat', possible loss of data
     1>graphics editor\Mainsrc.cpp(639): warning C4244: 'argument' : conversion from 'int' to 'GLfloat', possible loss of data
     1>graphics editor\Mainsrc.cpp(640): warning C4244: 'argument' : conversion from 'int' to 'GLfloat', possible loss of data
     1>graphics editor\Mainsrc.cpp(645): warning C4244: 'argument' : conversion from 'int' to 'GLfloat', possible loss of data
     1>graphics editor\Mainsrc.cpp(647): warning C4244: 'argument' : conversion from 'int' to 'GLfloat', possible loss of data
     1>graphics editor\Mainsrc.cpp(648): warning C4244: 'argument' : conversion from 'int' to 'GLfloat', possible loss of data
     1>graphics editor\Mainsrc.cpp(653): warning C4244: 'argument' : conversion from 'int' to 'GLfloat', possible loss of data
     1>graphics editor\Mainsrc.cpp(656): warning C4244: 'argument' : conversion from 'int' to 'GLfloat', possible loss of data
     1>graphics editor\Mainsrc.cpp(657): warning C4244: 'argument' : conversion from 'int' to 'GLfloat', possible loss of data
     1>graphics editor\Mainsrc.cpp(661): warning C4244: 'argument' : conversion from 'int' to 'GLfloat', possible loss of data
     1>graphics editor\Mainsrc.cpp(665): warning C4244: 'argument' : conversion from 'int' to 'GLfloat', possible loss of data
     1>graphics editor\Mainsrc.cpp(666): warning C4244: 'argument' : conversion from 'int' to 'GLfloat', possible loss of data
     1>graphics editor\Mainsrc.cpp(671): warning C4244: 'argument' : conversion from 'int' to 'GLfloat', possible loss of data
     1>graphics editor\Mainsrc.cpp(677): warning C4244: 'argument' : conversion from 'int' to 'GLfloat', possible loss of data
     1>graphics editor\Mainsrc.cpp(678): warning C4244: 'argument' : conversion from 'int' to 'GLfloat', possible loss of data
     1>graphics editor\Mainsrc.cpp(679): warning C4244: 'argument' : conversion from 'int' to 'GLfloat', possible loss of data
     1>graphics editor\Mainsrc.cpp(680): warning C4244: 'argument' : conversion from 'int' to 'GLfloat', possible loss of data
     1>graphics editor\Mainsrc.cpp(686): warning C4244: 'argument' : conversion from 'int' to 'GLfloat', possible loss of data
     1>graphics editor\Mainsrc.cpp(693): warning C4244: 'argument' : conversion from 'int' to 'GLfloat', possible loss of data
     1>graphics editor\Mainsrc.cpp(694): warning C4244: 'argument' : conversion from 'int' to 'GLfloat', possible loss of data
     1>graphics editor\Mainsrc.cpp(695): warning C4244: 'argument' : conversion from 'int' to 'GLfloat', possible loss of data
     1>graphics editor\Mainsrc.cpp(719): warning C4101: 'B' : unreferenced local variable
     1>graphics editor\Mainsrc.cpp(719): warning C4101: 'R' : unreferenced local variable
     1>graphics editor\Mainsrc.cpp(718): warning C4101: 'pick_col' : unreferenced local variable
     1>graphics editor\Mainsrc.cpp(719): warning C4101: 'G' : unreferenced local variable
     1>graphics editor\Mainsrc.cpp(778): warning C4244: 'initializing' : conversion from 'int' to 'float', possible loss of data
     1>graphics editor\Mainsrc.cpp(783): warning C4244: '=' : conversion from 'int' to 'float', possible loss of data
     1>graphics editor\Mainsrc.cpp(798): warning C4244: '=' : conversion from 'int' to 'float', possible loss of data
     1>graphics editor\Mainsrc.cpp(799): warning C4244: '=' : conversion from 'int' to 'float', possible loss of data
     1>graphics editor\Mainsrc.cpp(812): warning C4244: '=' : conversion from 'float' to 'int', possible loss of data
     1>graphics editor\Mainsrc.cpp(813): warning C4244: '=' : conversion from 'float' to 'int', possible loss of data
     1>graphics editor\Mainsrc.cpp(822): warning C4244: '=' : conversion from 'float' to 'int', possible loss of data
     1>graphics editor\Mainsrc.cpp(823): warning C4244: '=' : conversion from 'float' to 'int', possible loss of data
     1>graphics editor\Mainsrc.cpp(830): warning C4244: '=' : conversion from 'float' to 'int', possible loss of data
     1>graphics editor\Mainsrc.cpp(831): warning C4244: '=' : conversion from 'float' to 'int', possible loss of data
     1>graphics editor\Mainsrc.cpp(844): warning C4244: '=' : conversion from 'float' to 'int', possible loss of data
     1>graphics editor\Mainsrc.cpp(845): warning C4244: '=' : conversion from 'float' to 'int', possible loss of data
     1>graphics editor\Mainsrc.cpp(849): warning C4244: '=' : conversion from 'float' to 'int', possible loss of data
     1>graphics editor\Mainsrc.cpp(850): warning C4244: '=' : conversion from 'float' to 'int', possible loss of data
     1>graphics editor\Mainsrc.cpp(856): warning C4244: '=' : conversion from 'float' to 'int', possible loss of data
     1>graphics editor\Mainsrc.cpp(857): warning C4244: '=' : conversion from 'float' to 'int', possible loss of data
     1>graphics editor\Mainsrc.cpp(859): warning C4244: '=' : conversion from 'float' to 'int', possible loss of data
     1>graphics editor\Mainsrc.cpp(860): warning C4244: '=' : conversion from 'float' to 'int', possible loss of data
     1>graphics editor\Mainsrc.cpp(868): warning C4244: '=' : conversion from 'float' to 'int', possible loss of data
     1>graphics editor\Mainsrc.cpp(869): warning C4244: '=' : conversion from 'float' to 'int', possible loss of data
     1>graphics editor\Mainsrc.cpp(871): warning C4244: '=' : conversion from 'float' to 'int', possible loss of data
     1>graphics editor\Mainsrc.cpp(872): warning C4244: '=' : conversion from 'float' to 'int', possible loss of data
     1>graphics editor\Mainsrc.cpp(1053): warning C4244: 'argument' : conversion from 'int' to 'float', possible loss of data
     1>graphics editor\Mainsrc.cpp(1057): warning C4244: 'argument' : conversion from 'int' to 'float', possible loss of data
     1>graphics editor\Mainsrc.cpp(1067): warning C4244: '=' : conversion from 'double' to 'float', possible loss of data
     1>graphics editor\Mainsrc.cpp(1068): warning C4244: '=' : conversion from 'double' to 'float', possible loss of data
     1>graphics editor\Mainsrc.cpp(1161): warning C4244: 'argument' : conversion from 'int' to 'GLfloat', possible loss of data
     1>graphics editor\Mainsrc.cpp(1162): warning C4244: 'argument' : conversion from 'int' to 'GLfloat', possible loss of data
     1>graphics editor\Mainsrc.cpp(1176): warning C4244: '=' : conversion from 'int' to 'float', possible loss of data
     1>graphics editor\Mainsrc.cpp(1177): warning C4244: '=' : conversion from 'int' to 'float', possible loss of data
     1>graphics editor\Mainsrc.cpp(1178): warning C4244: '=' : conversion from 'int' to 'float', possible loss of data
     1>graphics editor\Mainsrc.cpp(1179): warning C4244: '=' : conversion from 'int' to 'float', possible loss of data
     1>graphics editor\Mainsrc.cpp(1186): warning C4244: 'argument' : conversion from 'float' to 'GLint', possible loss of data
     1>graphics editor\Mainsrc.cpp(1203): warning C4244: 'argument' : conversion from 'int' to 'float', possible loss of data
     1>graphics editor\Mainsrc.cpp(1218): warning C4244: '=' : conversion from 'float' to 'int', possible loss of data
     1>graphics editor\Mainsrc.cpp(1219): warning C4244: '=' : conversion from 'float' to 'int', possible loss of data
     1>graphics editor\Mainsrc.cpp(1228): warning C4244: '=' : conversion from 'float' to 'int', possible loss of data
     1>graphics editor\Mainsrc.cpp(1229): warning C4244: '=' : conversion from 'float' to 'int', possible loss of data
     1>graphics editor\Mainsrc.cpp(1237): warning C4244: '=' : conversion from 'float' to 'int', possible loss of data
     1>graphics editor\Mainsrc.cpp(1238): warning C4244: '=' : conversion from 'float' to 'int', possible loss of data
     1>graphics editor\Mainsrc.cpp(1239): warning C4244: 'argument' : conversion from 'double' to 'float', possible loss of data
     1>graphics editor\Mainsrc.cpp(1242): warning C4244: 'argument' : conversion from 'int' to 'float', possible loss of data
     1>graphics editor\Mainsrc.cpp(1249): warning C4244: '=' : conversion from 'float' to 'int', possible loss of data
     1>graphics editor\Mainsrc.cpp(1250): warning C4244: '=' : conversion from 'float' to 'int', possible loss of data
     1>graphics editor\Mainsrc.cpp(1265): warning C4244: '=' : conversion from 'float' to 'int', possible loss of data
     1>graphics editor\Mainsrc.cpp(1266): warning C4244: '=' : conversion from 'float' to 'int', possible loss of data
     1>graphics editor\Mainsrc.cpp(1284): warning C4244: 'argument' : conversion from 'int' to 'float', possible loss of data
     1>graphics editor\Mainsrc.cpp(1288): warning C4244: 'initializing' : conversion from 'int' to 'float', possible loss of data
     1>graphics editor\Mainsrc.cpp(1289): warning C4244: 'initializing' : conversion from 'int' to 'float', possible loss of data
     1>graphics editor\Mainsrc.cpp(1312): warning C4244: 'argument' : conversion from 'int' to 'GLfloat', possible loss of data
     1>graphics editor\Mainsrc.cpp(1354): warning C4244: 'argument' : conversion from 'float' to 'GLsizei', possible loss of data
     1>f:\computer graphics\final project\graphics editor\graphics editor\mainsrc.cpp(122): warning C4715: 'returnmenustring' : not all control paths return a value
     1>f:\computer graphics\final project\graphics editor\graphics editor\mainsrc.cpp(1109): warning C4715: 'nexttotop' : not all control paths return a value
       Link:
         C:\Program Files (x86)\Microsoft Visual Studio 12.0\VC\bin\link.exe /ERRORREPORT:PROMPT /OUT:"F:\Computer Graphics\Final Project\Graphics Editor\Debug\Graphics Editor.exe" /INCREMENTAL /NOLOGO kernel32.lib user32.lib gdi32.lib winspool.lib comdlg32.lib advapi32.lib shell32.lib ole32.lib oleaut32.lib uuid.lib odbc32.lib odbccp32.lib /MANIFEST /MANIFESTUAC:"level='asInvoker' uiAccess='false'" /manifest:embed /DEBUG /PDB:"F:\Computer Graphics\Final Project\Graphics Editor\Debug\Graphics Editor.pdb" /SUBSYSTEM:WINDOWS /TLBID:1 /DYNAMICBASE /NXCOMPAT /IMPLIB:"F:\Computer Graphics\Final Project\Graphics Editor\Debug\Graphics Editor.lib" /MACHINE:X86 /ENTRY:"mainCRTStartup" Debug\Mainsrc.obj
     1>LINK : warning LNK4098: defaultlib 'LIBCMTD' conflicts with use of other libs; use /NODEFAULTLIB:library
     1>freeglut_static.lib(freeglut_callbacks.obj) : warning LNK4099: PDB 'vc100.pdb' was not found with 'freeglut_static.lib(freeglut_callbacks.obj)' or at 'F:\Computer Graphics\Final Project\Graphics Editor\Debug\vc100.pdb'; linking object as if no debug info
     1>freeglut_static.lib(freeglut_display.obj) : warning LNK4099: PDB 'vc100.pdb' was not found with 'freeglut_static.lib(freeglut_display.obj)' or at 'F:\Computer Graphics\Final Project\Graphics Editor\Debug\vc100.pdb'; linking object as if no debug info
     1>freeglut_static.lib(freeglut_font.obj) : warning LNK4099: PDB 'vc100.pdb' was not found with 'freeglut_static.lib(freeglut_font.obj)' or at 'F:\Computer Graphics\Final Project\Graphics Editor\Debug\vc100.pdb'; linking object as if no debug info
     1>freeglut_static.lib(freeglut_font_data.obj) : warning LNK4099: PDB 'vc100.pdb' was not found with 'freeglut_static.lib(freeglut_font_data.obj)' or at 'F:\Computer Graphics\Final Project\Graphics Editor\Debug\vc100.pdb'; linking object as if no debug info
     1>freeglut_static.lib(freeglut_init.obj) : warning LNK4099: PDB 'vc100.pdb' was not found with 'freeglut_static.lib(freeglut_init.obj)' or at 'F:\Computer Graphics\Final Project\Graphics Editor\Debug\vc100.pdb'; linking object as if no debug info
     1>freeglut_static.lib(freeglut_joystick.obj) : warning LNK4099: PDB 'vc100.pdb' was not found with 'freeglut_static.lib(freeglut_joystick.obj)' or at 'F:\Computer Graphics\Final Project\Graphics Editor\Debug\vc100.pdb'; linking object as if no debug info
     1>freeglut_static.lib(freeglut_main.obj) : warning LNK4099: PDB 'vc100.pdb' was not found with 'freeglut_static.lib(freeglut_main.obj)' or at 'F:\Computer Graphics\Final Project\Graphics Editor\Debug\vc100.pdb'; linking object as if no debug info
     1>freeglut_static.lib(freeglut_menu.obj) : warning LNK4099: PDB 'vc100.pdb' was not found with 'freeglut_static.lib(freeglut_menu.obj)' or at 'F:\Computer Graphics\Final Project\Graphics Editor\Debug\vc100.pdb'; linking object as if no debug info
     1>freeglut_static.lib(freeglut_state.obj) : warning LNK4099: PDB 'vc100.pdb' was not found with 'freeglut_static.lib(freeglut_state.obj)' or at 'F:\Computer Graphics\Final Project\Graphics Editor\Debug\vc100.pdb'; linking object as if no debug info
     1>freeglut_static.lib(freeglut_stroke_mono_roman.obj) : warning LNK4099: PDB 'vc100.pdb' was not found with 'freeglut_static.lib(freeglut_stroke_mono_roman.obj)' or at 'F:\Computer Graphics\Final Project\Graphics Editor\Debug\vc100.pdb'; linking object as if no debug info
     1>freeglut_static.lib(freeglut_stroke_roman.obj) : warning LNK4099: PDB 'vc100.pdb' was not found with 'freeglut_static.lib(freeglut_stroke_roman.obj)' or at 'F:\Computer Graphics\Final Project\Graphics Editor\Debug\vc100.pdb'; linking object as if no debug info
     1>freeglut_static.lib(freeglut_structure.obj) : warning LNK4099: PDB 'vc100.pdb' was not found with 'freeglut_static.lib(freeglut_structure.obj)' or at 'F:\Computer Graphics\Final Project\Graphics Editor\Debug\vc100.pdb'; linking object as if no debug info
     1>freeglut_static.lib(freeglut_window.obj) : warning LNK4099: PDB 'vc100.pdb' was not found with 'freeglut_static.lib(freeglut_window.obj)' or at 'F:\Computer Graphics\Final Project\Graphics Editor\Debug\vc100.pdb'; linking object as if no debug info
         Graphics Editor.vcxproj -> F:\Computer Graphics\Final Project\Graphics Editor\Debug\Graphics Editor.exe
     1>Done Building Project "F:\Computer Graphics\Final Project\Graphics Editor\Graphics Editor.vcxproj" (Build target(s)).

Build succeeded.

Time Elapsed 00:00:17.94
